TN:
SF:components/shared/DataTable.tsx
FN:92,DataTable
FN:141,onClick
FN:164,onChange
FN:219,onClick
FN:247,getDisplayValue
FN:268,onClick
FN:299,onClick
FN:313,onClick
FN:334,StatusBadge
FN:335,getVariant
FNF:10
FNH:8
FNDA:5,DataTable
FNDA:0,onClick
FNDA:1,onChange
FNDA:1,onClick
FNDA:20,getDisplayValue
FNDA:1,onClick
FNDA:0,onClick
FNDA:1,onClick
FNDA:1,StatusBadge
FNDA:1,getVariant
DA:1,1
DA:2,1
DA:3,1
DA:4,1
DA:5,1
DA:6,1
DA:7,1
DA:8,1
DA:9,1
DA:10,1
DA:92,1
DA:93,5
DA:94,5
DA:95,5
DA:96,5
DA:97,5
DA:98,5
DA:99,5
DA:100,5
DA:101,5
DA:102,5
DA:103,5
DA:104,5
DA:105,5
DA:106,5
DA:107,5
DA:108,5
DA:109,5
DA:110,5
DA:111,5
DA:112,5
DA:113,5
DA:114,5
DA:115,1
DA:117,1
DA:118,1
DA:119,1
DA:120,5
DA:122,5
DA:123,0
DA:124,0
DA:125,0
DA:126,0
DA:127,0
DA:128,0
DA:130,0
DA:132,5
DA:133,0
DA:134,0
DA:135,0
DA:136,0
DA:137,0
DA:138,0
DA:139,0
DA:140,0
DA:141,0
DA:142,0
DA:143,0
DA:144,0
DA:145,0
DA:147,0
DA:149,5
DA:150,5
DA:152,5
DA:153,5
DA:155,5
DA:156,5
DA:157,5
DA:158,5
DA:159,1
DA:160,1
DA:161,1
DA:162,1
DA:163,1
DA:164,1
DA:165,1
DA:166,1
DA:167,1
DA:170,5
DA:171,0
DA:172,0
DA:173,0
DA:174,0
DA:176,0
DA:177,0
DA:178,0
DA:179,0
DA:180,0
DA:181,0
DA:182,0
DA:183,0
DA:184,0
DA:185,0
DA:186,0
DA:187,5
DA:188,5
DA:190,5
DA:191,5
DA:192,0
DA:193,0
DA:195,0
DA:197,5
DA:198,5
DA:199,5
DA:202,5
DA:203,5
DA:204,0
DA:205,0
DA:206,0
DA:208,5
DA:209,5
DA:210,5
DA:211,5
DA:212,10
DA:213,10
DA:214,10
DA:215,10
DA:216,10
DA:217,10
DA:218,10
DA:219,10
DA:221,10
DA:222,10
DA:223,10
DA:224,1
DA:225,1
DA:226,1
DA:228,10
DA:229,10
DA:230,5
DA:231,5
DA:232,1
DA:234,5
DA:235,5
DA:236,5
DA:237,5
DA:239,10
DA:240,10
DA:241,10
DA:242,10
DA:243,20
DA:244,0
DA:245,20
DA:247,20
DA:248,20
DA:249,20
DA:250,20
DA:251,20
DA:252,20
DA:254,20
DA:255,20
DA:256,20
DA:257,20
DA:259,10
DA:260,10
DA:261,2
DA:262,2
DA:263,2
DA:264,2
DA:265,2
DA:266,2
DA:267,2
DA:268,2
DA:269,2
DA:271,2
DA:272,2
DA:273,2
DA:274,2
DA:275,2
DA:277,10
DA:279,5
DA:280,5
DA:281,5
DA:283,5
DA:286,5
DA:287,1
DA:288,1
DA:289,1
DA:290,1
DA:291,1
DA:292,1
DA:293,1
DA:295,1
DA:296,1
DA:297,1
DA:298,1
DA:299,1
DA:300,1
DA:302,1
DA:304,1
DA:306,1
DA:307,1
DA:308,1
DA:310,1
DA:311,1
DA:312,1
DA:313,1
DA:314,1
DA:315,1
DA:317,1
DA:318,1
DA:319,1
DA:320,1
DA:321,1
DA:323,5
DA:325,5
DA:334,1
DA:335,1
DA:336,1
DA:337,1
DA:338,1
DA:339,1
DA:340,0
DA:341,0
DA:342,0
DA:343,0
DA:344,0
DA:345,0
DA:346,0
DA:347,1
DA:349,1
DA:350,1
DA:351,1
DA:352,1
DA:354,1
LF:225
LH:175
BRDA:92,0,0,5
BRDA:122,1,0,0
BRDA:132,2,0,0
BRDA:150,3,0,0
BRDA:158,4,0,1
BRDA:170,5,0,0
BRDA:191,6,0,0
BRDA:203,7,0,0
BRDA:231,8,0,1
BRDA:231,9,0,1
BRDA:286,10,0,1
BRDA:286,11,0,1
BRDA:114,12,0,1
BRDA:115,13,0,0
BRDA:117,14,0,0
BRDA:118,15,0,0
BRDA:164,16,0,1
BRDA:211,17,0,10
BRDA:215,18,0,5
BRDA:223,19,0,5
BRDA:223,20,0,1
BRDA:225,21,0,0
BRDA:219,22,0,1
BRDA:237,23,0,10
BRDA:239,24,0,0
BRDA:239,25,0,0
BRDA:260,26,0,2
BRDA:260,27,0,2
BRDA:242,28,0,20
BRDA:243,29,0,0
BRDA:256,30,0,0
BRDA:247,31,0,20
BRDA:248,32,0,0
BRDA:249,33,0,0
BRDA:263,34,0,2
BRDA:269,35,0,0
BRDA:268,36,0,1
BRDA:313,37,0,1
BRDA:334,38,0,1
BRDA:335,39,0,1
BRDA:339,40,0,0
BRF:41
BRH:23
end_of_record
TN:
SF:hooks/shared/useAsyncState.ts
FN:23,useAsyncState
FN:108,usePaginatedData
FN:145,fetchData
FNF:3
FNH:3
FNDA:6,useAsyncState
FNDA:11,usePaginatedData
FNDA:3,fetchData
DA:1,1
DA:2,1
DA:23,1
DA:24,6
DA:25,6
DA:26,6
DA:27,6
DA:28,6
DA:29,6
DA:30,6
DA:31,6
DA:32,6
DA:33,6
DA:35,6
DA:36,6
DA:37,6
DA:38,6
DA:40,6
DA:41,2
DA:42,2
DA:43,2
DA:45,2
DA:47,1
DA:48,2
DA:50,2
DA:51,2
DA:52,1
DA:53,1
DA:54,1
DA:56,1
DA:57,0
DA:58,0
DA:59,0
DA:60,0
DA:61,0
DA:62,0
DA:64,1
DA:65,2
DA:66,2
DA:67,2
DA:68,6
DA:70,6
DA:72,6
DA:73,6
DA:108,1
DA:109,11
DA:110,11
DA:111,11
DA:112,11
DA:113,11
DA:114,11
DA:115,11
DA:116,11
DA:117,11
DA:119,11
DA:120,11
DA:121,11
DA:122,11
DA:123,11
DA:124,11
DA:125,11
DA:126,11
DA:127,11
DA:128,11
DA:129,11
DA:130,11
DA:132,11
DA:135,11
DA:136,3
DA:137,2
DA:138,3
DA:140,3
DA:141,11
DA:144,11
DA:145,3
DA:146,3
DA:147,3
DA:148,3
DA:149,1
DA:150,1
DA:151,3
DA:153,3
DA:154,3
DA:155,3
DA:156,3
DA:157,3
DA:159,3
DA:160,3
DA:161,3
DA:162,3
DA:163,3
DA:164,3
DA:165,3
DA:166,3
DA:167,3
DA:168,3
DA:169,3
DA:170,3
DA:171,3
DA:172,2
DA:173,2
DA:174,2
DA:175,3
DA:176,3
DA:177,3
DA:178,0
DA:179,0
DA:180,0
DA:181,0
DA:182,3
DA:183,0
DA:184,0
DA:186,0
DA:187,0
DA:188,0
DA:189,0
DA:190,0
DA:191,0
DA:192,0
DA:194,0
DA:195,3
DA:196,3
DA:197,3
DA:198,3
DA:199,3
DA:201,3
DA:202,11
DA:204,11
DA:205,0
DA:206,11
DA:208,11
DA:209,0
DA:210,0
DA:211,0
DA:212,0
DA:213,0
DA:214,11
DA:216,11
DA:217,2
DA:218,2
DA:219,11
DA:221,11
DA:222,11
DA:223,11
DA:224,11
DA:225,11
DA:226,11
DA:227,11
DA:228,11
DA:229,11
DA:230,11
DA:231,11
DA:232,11
DA:233,11
DA:234,11
DA:235,11
DA:236,11
DA:237,11
DA:238,11
LF:159
LH:133
BRDA:23,0,0,6
BRDA:40,1,0,2
BRDA:45,2,0,1
BRDA:48,3,0,0
BRDA:51,4,0,1
BRDA:52,5,0,0
BRDA:54,6,0,0
BRDA:56,7,0,0
BRDA:65,8,0,0
BRDA:108,9,0,11
BRDA:135,10,0,3
BRDA:136,11,0,2
BRDA:140,12,0,3
BRDA:144,13,0,3
BRDA:145,14,0,3
BRDA:148,15,0,1
BRDA:148,16,0,1
BRDA:177,17,0,0
BRDA:182,18,0,0
BRDA:162,19,0,3
BRDA:165,20,0,2
BRDA:165,21,0,1
BRDA:166,22,0,2
BRDA:166,23,0,1
BRDA:167,24,0,2
BRDA:167,25,0,1
BRDA:168,26,0,2
BRDA:168,27,0,1
BRDA:171,28,0,2
BRDA:172,29,0,2
BRDA:173,30,0,2
BRDA:175,31,0,2
BRDA:175,32,0,1
BRDA:216,33,0,2
BRDA:217,34,0,2
BRF:35
BRH:28
end_of_record
TN:
SF:lib/exportUtils.ts
FN:14,exportToCSV
FN:62,formatDateForExport
FN:76,formatCurrencyForExport
FN:94,formatStatusForExport
FN:106,createCustomerExportColumns
FN:124,createPaymentExportColumns
FN:146,createInstallationExportColumns
FNF:7
FNH:4
FNDA:1,exportToCSV
FNDA:1,formatDateForExport
FNDA:1,formatCurrencyForExport
FNDA:1,formatStatusForExport
FNDA:0,createCustomerExportColumns
FNDA:0,createPaymentExportColumns
FNDA:0,createInstallationExportColumns
DA:14,1
DA:15,1
DA:16,1
DA:17,1
DA:18,1
DA:19,1
DA:20,0
DA:21,0
DA:24,1
DA:27,1
DA:28,1
DA:29,2
DA:30,0
DA:31,2
DA:33,2
DA:36,2
DA:37,2
DA:38,1
DA:39,1
DA:40,1
DA:41,1
DA:44,1
DA:47,1
DA:48,1
DA:49,1
DA:50,1
DA:51,1
DA:52,1
DA:53,1
DA:54,1
DA:55,1
DA:56,1
DA:57,1
DA:62,1
DA:63,1
DA:65,1
DA:66,1
DA:67,1
DA:68,1
DA:69,0
DA:70,0
DA:71,1
DA:76,1
DA:77,1
DA:78,1
DA:79,1
DA:80,1
DA:82,1
DA:83,1
DA:85,1
DA:86,1
DA:87,1
DA:88,1
DA:89,1
DA:94,1
DA:95,1
DA:97,1
DA:98,1
DA:99,1
DA:100,1
DA:101,1
DA:106,1
DA:107,0
DA:108,0
DA:109,0
DA:110,0
DA:111,0
DA:112,0
DA:113,0
DA:114,0
DA:115,0
DA:116,0
DA:117,0
DA:118,0
DA:119,0
DA:124,1
DA:125,0
DA:126,0
DA:127,0
DA:128,0
DA:129,0
DA:130,0
DA:131,0
DA:132,0
DA:133,0
DA:134,0
DA:135,0
DA:136,0
DA:137,0
DA:138,0
DA:139,0
DA:140,0
DA:141,0
DA:146,1
DA:147,0
DA:148,0
DA:149,0
DA:150,0
DA:151,0
DA:152,0
DA:153,0
DA:154,0
DA:155,0
DA:156,0
DA:157,0
DA:158,0
DA:159,0
LF:107
LH:59
BRDA:14,0,0,1
BRDA:19,1,0,0
BRDA:24,2,0,2
BRDA:27,3,0,1
BRDA:28,4,0,2
BRDA:29,5,0,0
BRDA:33,6,0,0
BRDA:36,7,0,0
BRDA:37,8,0,1
BRDA:37,9,0,1
BRDA:37,10,0,1
BRDA:38,11,0,1
BRDA:44,12,0,1
BRDA:62,13,0,1
BRDA:63,14,0,0
BRDA:66,15,0,0
BRDA:68,16,0,0
BRDA:76,17,0,1
BRDA:80,18,0,0
BRDA:82,19,0,0
BRDA:83,20,0,0
BRDA:94,21,0,1
BRDA:95,22,0,0
BRDA:99,23,0,2
BRF:24
BRH:13
end_of_record
TN:
SF:lib/utils.ts
FN:7,cn
FN:14,formatDate
FN:33,formatCurrency
FN:49,parseNumber
FN:58,parseBoolean
FN:72,validateApiResponse
FN:104,formatNumber
FN:115,formatEnergyValue
FNF:8
FNH:8
FNDA:95,cn
FNDA:4,formatDate
FNDA:4,formatCurrency
FNDA:5,parseNumber
FNDA:7,parseBoolean
FNDA:3,validateApiResponse
FNDA:2,formatNumber
FNDA:3,formatEnergyValue
DA:1,1
DA:2,1
DA:7,1
DA:8,95
DA:9,95
DA:14,1
DA:15,4
DA:16,2
DA:17,2
DA:18,2
DA:19,2
DA:20,2
DA:21,2
DA:22,2
DA:23,2
DA:24,4
DA:25,0
DA:26,0
DA:27,0
DA:28,4
DA:33,1
DA:34,4
DA:35,4
DA:36,4
DA:38,2
DA:39,2
DA:40,2
DA:41,2
DA:42,2
DA:43,2
DA:44,2
DA:49,1
DA:50,5
DA:51,4
DA:52,5
DA:53,5
DA:58,1
DA:59,7
DA:60,7
DA:61,6
DA:62,6
DA:63,6
DA:64,6
DA:65,6
DA:66,0
DA:67,0
DA:72,1
DA:73,3
DA:74,3
DA:75,3
DA:76,3
DA:77,3
DA:80,3
DA:81,5
DA:82,1
DA:83,1
DA:84,1
DA:85,5
DA:88,2
DA:89,2
DA:90,2
DA:91,2
DA:92,1
DA:93,1
DA:94,1
DA:95,2
DA:96,1
DA:98,1
DA:99,1
DA:104,1
DA:105,2
DA:106,2
DA:107,2
DA:109,2
DA:110,2
DA:111,2
DA:112,2
DA:113,2
DA:115,1
DA:116,3
DA:117,1
DA:118,3
DA:119,1
DA:120,1
DA:121,1
DA:122,1
DA:123,3
LF:87
LH:82
BRDA:7,0,0,95
BRDA:14,1,0,4
BRDA:15,2,0,2
BRDA:24,3,0,0
BRDA:33,4,0,4
BRDA:34,5,0,1
BRDA:34,6,0,3
BRDA:35,7,0,2
BRDA:35,8,0,1
BRDA:36,9,0,1
BRDA:36,10,0,2
BRDA:49,11,0,5
BRDA:50,12,0,4
BRDA:50,13,0,1
BRDA:50,14,0,4
BRDA:52,15,0,2
BRDA:52,16,0,2
BRDA:58,17,0,7
BRDA:59,18,0,1
BRDA:59,19,0,6
BRDA:60,20,0,0
BRDA:60,21,0,6
BRDA:63,22,0,5
BRDA:63,23,0,4
BRDA:63,24,0,3
BRDA:64,25,0,2
BRDA:64,26,0,1
BRDA:64,27,0,3
BRDA:65,28,0,0
BRDA:72,29,0,3
BRDA:77,30,0,0
BRDA:80,31,0,5
BRDA:81,32,0,1
BRDA:85,33,0,2
BRDA:91,34,0,1
BRDA:95,35,0,1
BRDA:96,36,0,1
BRDA:104,37,0,2
BRDA:105,38,0,0
BRDA:107,39,0,0
BRDA:115,40,0,3
BRDA:116,41,0,1
BRDA:118,42,0,2
BRDA:118,43,0,1
BRF:44
BRH:38
end_of_record
TN:
SF:lib/api/client.ts
FN:19,getErrorDetails
FN:49,getToken
FN:57,getRefreshToken
FN:65,setTokens
FN:75,clearTokens
FN:120,makeApiRequest
FN:161,buildQueryString
FNF:7
FNH:4
FNDA:1,getErrorDetails
FNDA:26,getToken
FNDA:0,getRefreshToken
FNDA:0,setTokens
FNDA:1,clearTokens
FNDA:27,makeApiRequest
FNDA:0,buildQueryString
DA:1,1
DA:4,1
DA:5,1
DA:6,1
DA:7,1
DA:8,1
DA:9,1
DA:19,1
DA:20,1
DA:21,1
DA:22,1
DA:23,1
DA:24,1
DA:25,1
DA:26,1
DA:27,1
DA:28,0
DA:29,0
DA:30,0
DA:31,0
DA:32,0
DA:33,0
DA:34,0
DA:35,0
DA:36,1
DA:39,1
DA:40,1
DA:41,1
DA:42,1
DA:43,1
DA:44,1
DA:45,1
DA:48,1
DA:49,1
DA:50,26
DA:51,26
DA:52,26
DA:53,26
DA:54,0
DA:55,0
DA:56,26
DA:57,1
DA:58,0
DA:59,0
DA:60,0
DA:61,0
DA:62,0
DA:63,0
DA:64,0
DA:65,1
DA:66,0
DA:67,0
DA:68,0
DA:69,0
DA:70,0
DA:71,0
DA:73,0
DA:74,0
DA:75,1
DA:76,1
DA:77,1
DA:78,1
DA:79,1
DA:80,1
DA:81,1
DA:82,1
DA:84,0
DA:85,1
DA:90,1
DA:91,1
DA:93,26
DA:94,26
DA:95,1
DA:96,1
DA:97,26
DA:98,26
DA:99,1
DA:100,1
DA:103,1
DA:104,1
DA:105,1
DA:106,1
DA:108,1
DA:109,1
DA:110,1
DA:111,1
DA:112,1
DA:113,1
DA:114,1
DA:115,1
DA:120,27
DA:121,27
DA:122,27
DA:123,27
DA:124,27
DA:125,27
DA:126,26
DA:127,26
DA:128,1
DA:131,1
DA:132,1
DA:133,1
DA:134,1
DA:135,1
DA:137,1
DA:138,1
DA:139,1
DA:141,0
DA:142,0
DA:143,27
DA:161,1
DA:162,0
DA:164,0
DA:165,0
DA:166,0
DA:167,0
DA:168,0
DA:170,0
DA:171,0
DA:172,0
LF:120
LH:83
BRDA:19,0,0,1
BRDA:27,1,0,0
BRDA:49,2,0,26
BRDA:50,3,0,0
BRDA:52,4,0,25
BRDA:53,5,0,0
BRDA:75,6,0,1
BRDA:76,7,0,0
BRDA:82,8,0,0
BRDA:91,9,0,26
BRDA:94,10,0,1
BRDA:104,11,0,25
BRDA:105,12,0,1
BRDA:113,13,0,0
BRDA:120,14,0,27
BRDA:125,15,0,26
BRDA:127,16,0,1
BRDA:139,17,0,0
BRDA:137,18,0,1
BRF:19
BRH:12
end_of_record
TN:
SF:lib/api/energy.ts
FN:5,getSystemOverview
FN:9,getInstallationDashboard
FN:13,getRecentReadings
FN:19,getSummariesByPeriodAndDateRange
FN:32,calculateInstallationAverageEfficiency
FNF:5
FNH:4
FNDA:1,getSystemOverview
FNDA:2,getInstallationDashboard
FNDA:2,getRecentReadings
FNDA:0,getSummariesByPeriodAndDateRange
FNDA:1,calculateInstallationAverageEfficiency
DA:1,1
DA:4,1
DA:5,1
DA:6,1
DA:7,1
DA:9,1
DA:10,2
DA:11,2
DA:13,1
DA:14,2
DA:15,2
DA:16,2
DA:17,2
DA:19,1
DA:20,0
DA:21,0
DA:22,0
DA:23,0
DA:24,0
DA:25,0
DA:26,0
DA:27,0
DA:28,0
DA:29,0
DA:30,0
DA:32,1
DA:33,1
DA:34,1
DA:35,1
DA:37,1
DA:38,1
DA:39,1
DA:40,1
DA:42,1
DA:43,2
DA:44,2
DA:45,2
DA:46,2
DA:47,2
DA:48,2
DA:49,2
DA:50,2
DA:51,1
DA:53,1
DA:54,1
DA:55,1
DA:56,1
DA:57,1
DA:59,0
DA:60,1
DA:61,0
DA:62,0
DA:63,1
DA:64,1
DA:66,1
LF:55
LH:41
BRDA:5,0,0,1
BRDA:6,1,0,1
BRDA:9,2,0,2
BRDA:10,3,0,2
BRDA:13,4,0,2
BRDA:14,5,0,2
BRDA:32,6,0,1
BRDA:35,7,0,0
BRDA:57,8,0,0
BRDA:60,9,0,0
BRDA:42,10,0,2
BRF:11
BRH:8
end_of_record
TN:
SF:lib/api/payments.ts
FN:4,makePayment
FN:8,getUpcomingPayments
FN:12,getPaymentHistory
FN:18,getPaymentDashboard
FN:23,getPaymentReports
FN:32,getCustomerPaymentPlan
FNF:6
FNH:4
FNDA:0,makePayment
FNDA:1,getUpcomingPayments
FNDA:1,getPaymentHistory
FNDA:1,getPaymentDashboard
FNDA:1,getPaymentReports
FNDA:0,getCustomerPaymentPlan
DA:1,1
DA:3,1
DA:4,1
DA:5,0
DA:6,0
DA:8,1
DA:9,1
DA:10,1
DA:12,1
DA:13,1
DA:14,1
DA:15,1
DA:16,1
DA:18,1
DA:19,1
DA:20,1
DA:23,1
DA:25,1
DA:26,1
DA:27,1
DA:28,1
DA:29,1
DA:30,1
DA:32,1
DA:33,0
DA:34,0
DA:35,1
DA:37,1
LF:28
LH:24
BRDA:8,0,0,1
BRDA:9,1,0,1
BRDA:12,2,0,1
BRDA:13,3,0,1
BRDA:18,4,0,1
BRDA:19,5,0,1
BRDA:23,6,0,1
BRDA:25,7,0,1
BRF:8
BRH:8
end_of_record
TN:
SF:lib/api/settings.ts
FN:5,getSystemSettings
FN:8,updateSystemSettings
FN:11,getNotificationSettings
FN:14,updateNotificationSettings
FN:17,getSecuritySettings
FN:20,updateSecuritySettings
FNF:6
FNH:6
FNDA:1,getSystemSettings
FNDA:1,updateSystemSettings
FNDA:1,getNotificationSettings
FNDA:1,updateNotificationSettings
FNDA:1,getSecuritySettings
FNDA:1,updateSecuritySettings
DA:1,1
DA:4,1
DA:5,1
DA:6,1
DA:7,1
DA:8,1
DA:9,1
DA:10,1
DA:11,1
DA:12,1
DA:13,1
DA:14,1
DA:15,1
DA:16,1
DA:17,1
DA:18,1
DA:19,1
DA:20,1
DA:21,1
DA:22,1
DA:23,1
DA:25,1
LF:22
LH:22
BRDA:5,0,0,1
BRDA:6,1,0,1
BRDA:8,2,0,1
BRDA:9,3,0,1
BRDA:11,4,0,1
BRDA:12,5,0,1
BRDA:14,6,0,1
BRDA:15,7,0,1
BRDA:17,8,0,1
BRDA:18,9,0,1
BRDA:20,10,0,1
BRDA:21,11,0,1
BRF:12
BRH:12
end_of_record
